<?xml version="1.0" encoding="UTF-8"?>
<!-- Generated by org.testng.reporters.JUnitReportReporter -->
<testsuite hostname="Munnas-MacBook-Pro.local" name="bankAut.Guru99Bank_ext.SS1_Login" tests="1" failures="0" timestamp="14 Jun 2020 18:55:20 GMT" time="31.506" errors="0">
  <testcase name="test1" time="31.506" classname="bankAut.Guru99Bank_ext.SS1_Login"/>
</testsuite> <!-- bankAut.Guru99Bank_ext.SS1_Login -->
