<?xml version="1.0" encoding="UTF-8"?>
<!-- Generated by org.testng.reporters.JUnitReportReporter -->
<testsuite hostname="Munnas-MacBook-Pro.local" name="bankAut.Guru99Bank_ext.testClass" tests="1" failures="0" timestamp="15 Jun 2020 16:13:37 GMT" time="15.857" errors="0">
  <testcase name="test2" time="15.857" classname="bankAut.Guru99Bank_ext.testClass"/>
</testsuite> <!-- bankAut.Guru99Bank_ext.testClass -->
